{"contracts/BasicToken.sol":{"l":{"21":3,"30":11,"31":9,"33":7,"34":7,"35":7,"36":7,"45":18},"path":"/home/nico/Desktop/public_repos/payroll/contracts/BasicToken.sol","s":{"1":3,"2":11,"3":9,"4":7,"5":7,"6":7,"7":7,"8":18},"b":{"1":[9,2],"2":[7,2]},"f":{"1":3,"2":11,"3":18},"fnMap":{"1":{"name":"totalSupply","line":20,"loc":{"start":{"line":20,"column":4},"end":{"line":20,"column":54}}},"2":{"name":"transfer","line":29,"loc":{"start":{"line":29,"column":4},"end":{"line":29,"column":70}}},"3":{"name":"balanceOf","line":44,"loc":{"start":{"line":44,"column":4},"end":{"line":44,"column":66}}}},"statementMap":{"1":{"start":{"line":21,"column":8},"end":{"line":21,"column":27}},"2":{"start":{"line":30,"column":8},"end":{"line":30,"column":33}},"3":{"start":{"line":31,"column":8},"end":{"line":31,"column":46}},"4":{"start":{"line":33,"column":8},"end":{"line":33,"column":62}},"5":{"start":{"line":34,"column":8},"end":{"line":34,"column":48}},"6":{"start":{"line":35,"column":8},"end":{"line":35,"column":46}},"7":{"start":{"line":36,"column":8},"end":{"line":36,"column":19}},"8":{"start":{"line":45,"column":8},"end":{"line":45,"column":31}}},"branchMap":{"1":{"line":30,"type":"if","locations":[{"start":{"line":30,"column":8},"end":{"line":30,"column":8}},{"start":{"line":30,"column":8},"end":{"line":30,"column":8}}]},"2":{"line":31,"type":"if","locations":[{"start":{"line":31,"column":8},"end":{"line":31,"column":8}},{"start":{"line":31,"column":8},"end":{"line":31,"column":8}}]}}},"contracts/EmployeeStorage.sol":{"l":{"36":32,"37":31,"41":13,"42":12,"46":15,"47":14,"62":12,"63":12,"64":12,"65":12,"66":12,"68":12,"69":12,"70":12,"82":2,"83":2,"84":2,"85":2,"96":4,"107":1,"108":1,"118":3,"130":1,"142":12,"154":12,"166":10,"177":1,"178":1,"179":1,"180":1,"181":1,"182":1,"183":1,"185":1,"197":78,"198":78},"path":"/home/nico/Desktop/public_repos/payroll/contracts/EmployeeStorage.sol","s":{"1":32,"2":13,"3":15,"4":12,"5":12,"6":12,"7":12,"8":12,"9":12,"10":2,"11":2,"12":2,"13":4,"14":1,"15":1,"16":3,"17":1,"18":12,"19":12,"20":10,"21":1,"22":78,"23":78},"b":{"1":[31,1],"2":[12,1],"3":[14,1]},"f":{"1":32,"2":13,"3":15,"4":12,"5":2,"6":4,"7":1,"8":3,"9":1,"10":12,"11":12,"12":10,"13":1,"14":78},"fnMap":{"1":{"name":"existingEmployeeAddress","line":35,"loc":{"start":{"line":35,"column":4},"end":{"line":35,"column":52}}},"2":{"name":"existingEmployeeId","line":40,"loc":{"start":{"line":40,"column":4},"end":{"line":40,"column":42}}},"3":{"name":"notExistingEmployeeAddress","line":45,"loc":{"start":{"line":45,"column":4},"end":{"line":45,"column":55}}},"4":{"name":"add","line":57,"loc":{"start":{"line":57,"column":4},"end":{"line":61,"column":5}}},"5":{"name":"setAddress","line":76,"loc":{"start":{"line":76,"column":4},"end":{"line":81,"column":5}}},"6":{"name":"setlatestPayday","line":91,"loc":{"start":{"line":91,"column":4},"end":{"line":95,"column":5}}},"7":{"name":"setMonthlySalary","line":102,"loc":{"start":{"line":102,"column":4},"end":{"line":106,"column":5}}},"8":{"name":"getCount","line":113,"loc":{"start":{"line":113,"column":4},"end":{"line":117,"column":5}}},"9":{"name":"getId","line":124,"loc":{"start":{"line":124,"column":4},"end":{"line":129,"column":5}}},"10":{"name":"getAddress","line":136,"loc":{"start":{"line":136,"column":4},"end":{"line":141,"column":5}}},"11":{"name":"getLatestPayday","line":148,"loc":{"start":{"line":148,"column":4},"end":{"line":153,"column":5}}},"12":{"name":"getMonthlySalary","line":160,"loc":{"start":{"line":160,"column":4},"end":{"line":165,"column":5}}},"13":{"name":"remove","line":172,"loc":{"start":{"line":172,"column":4},"end":{"line":176,"column":5}}},"14":{"name":"getEmployee","line":192,"loc":{"start":{"line":192,"column":4},"end":{"line":196,"column":5}}}},"statementMap":{"1":{"start":{"line":36,"column":8},"end":{"line":36,"column":44}},"2":{"start":{"line":41,"column":8},"end":{"line":41,"column":41}},"3":{"start":{"line":46,"column":8},"end":{"line":46,"column":45}},"4":{"start":{"line":62,"column":8},"end":{"line":62,"column":50}},"5":{"start":{"line":63,"column":8},"end":{"line":63,"column":56}},"6":{"start":{"line":64,"column":8},"end":{"line":64,"column":62}},"7":{"start":{"line":65,"column":8},"end":{"line":65,"column":62}},"8":{"start":{"line":66,"column":8},"end":{"line":66,"column":67}},"9":{"start":{"line":68,"column":8},"end":{"line":68,"column":52}},"10":{"start":{"line":82,"column":8},"end":{"line":82,"column":56}},"11":{"start":{"line":84,"column":8},"end":{"line":84,"column":44}},"12":{"start":{"line":85,"column":8},"end":{"line":85,"column":52}},"13":{"start":{"line":96,"column":8},"end":{"line":96,"column":49}},"14":{"start":{"line":107,"column":8},"end":{"line":107,"column":56}},"15":{"start":{"line":108,"column":8},"end":{"line":108,"column":39}},"16":{"start":{"line":118,"column":8},"end":{"line":118,"column":28}},"17":{"start":{"line":130,"column":8},"end":{"line":130,"column":39}},"18":{"start":{"line":142,"column":8},"end":{"line":142,"column":48}},"19":{"start":{"line":154,"column":8},"end":{"line":154,"column":49}},"20":{"start":{"line":166,"column":8},"end":{"line":166,"column":50}},"21":{"start":{"line":177,"column":8},"end":{"line":177,"column":56}},"22":{"start":{"line":197,"column":8},"end":{"line":197,"column":56}},"23":{"start":{"line":198,"column":8},"end":{"line":198,"column":40}}},"branchMap":{"1":{"line":36,"type":"if","locations":[{"start":{"line":36,"column":8},"end":{"line":36,"column":8}},{"start":{"line":36,"column":8},"end":{"line":36,"column":8}}]},"2":{"line":41,"type":"if","locations":[{"start":{"line":41,"column":8},"end":{"line":41,"column":8}},{"start":{"line":41,"column":8},"end":{"line":41,"column":8}}]},"3":{"line":46,"type":"if","locations":[{"start":{"line":46,"column":8},"end":{"line":46,"column":8}},{"start":{"line":46,"column":8},"end":{"line":46,"column":8}}]}}},"contracts/EmployeeToken.sol":{"l":{"26":18,"27":18,"28":18},"path":"/home/nico/Desktop/public_repos/payroll/contracts/EmployeeToken.sol","s":{"1":18,"2":18,"3":18},"b":{},"f":{"1":18},"fnMap":{"1":{"name":null,"line":25,"loc":{"start":{"line":25,"column":4},"end":{"line":25,"column":22}}}},"statementMap":{"1":{"start":{"line":26,"column":8},"end":{"line":26,"column":36}},"2":{"start":{"line":27,"column":8},"end":{"line":27,"column":44}},"3":{"start":{"line":28,"column":8},"end":{"line":28,"column":54}}},"branchMap":{}},"contracts/ERC20.sol":{"l":{},"path":"/home/nico/Desktop/public_repos/payroll/contracts/ERC20.sol","s":{},"b":{},"f":{},"fnMap":{},"statementMap":{},"branchMap":{}},"contracts/ERC20Basic.sol":{"l":{},"path":"/home/nico/Desktop/public_repos/payroll/contracts/ERC20Basic.sol","s":{},"b":{},"f":{},"fnMap":{},"statementMap":{},"branchMap":{}},"contracts/InterfaceEmployeeStorage.sol":{"l":{},"path":"/home/nico/Desktop/public_repos/payroll/contracts/InterfaceEmployeeStorage.sol","s":{},"b":{},"f":{},"fnMap":{},"statementMap":{},"branchMap":{}},"contracts/InterfacePayroll.sol":{"l":{},"path":"/home/nico/Desktop/public_repos/payroll/contracts/InterfacePayroll.sol","s":{},"b":{},"f":{},"fnMap":{},"statementMap":{},"branchMap":{}},"contracts/mocks/BasicTokenMock.sol":{"l":{"9":7,"10":7},"path":"/home/nico/Desktop/public_repos/payroll/contracts/mocks/BasicTokenMock.sol","s":{"1":7,"2":7},"b":{},"f":{"1":7},"fnMap":{"1":{"name":null,"line":8,"loc":{"start":{"line":8,"column":4},"end":{"line":8,"column":68}}}},"statementMap":{"1":{"start":{"line":9,"column":8},"end":{"line":9,"column":48}},"2":{"start":{"line":10,"column":8},"end":{"line":10,"column":36}}},"branchMap":{}},"contracts/mocks/SafeMathMock.sol":{"l":{"8":3,"12":2,"16":2,"20":2},"path":"/home/nico/Desktop/public_repos/payroll/contracts/mocks/SafeMathMock.sol","s":{"1":3,"2":2,"3":2,"4":2},"b":{},"f":{"1":3,"2":2,"3":2,"4":2},"fnMap":{"1":{"name":"mul","line":7,"loc":{"start":{"line":7,"column":4},"end":{"line":7,"column":66}}},"2":{"name":"div","line":11,"loc":{"start":{"line":11,"column":4},"end":{"line":11,"column":66}}},"3":{"name":"sub","line":15,"loc":{"start":{"line":15,"column":4},"end":{"line":15,"column":66}}},"4":{"name":"add","line":19,"loc":{"start":{"line":19,"column":4},"end":{"line":19,"column":66}}}},"statementMap":{"1":{"start":{"line":8,"column":8},"end":{"line":8,"column":33}},"2":{"start":{"line":12,"column":8},"end":{"line":12,"column":33}},"3":{"start":{"line":16,"column":8},"end":{"line":16,"column":33}},"4":{"start":{"line":20,"column":8},"end":{"line":20,"column":33}}},"branchMap":{}},"contracts/mocks/StandardTokenMock.sol":{"l":{"9":38,"10":38},"path":"/home/nico/Desktop/public_repos/payroll/contracts/mocks/StandardTokenMock.sol","s":{"1":38,"2":38},"b":{},"f":{"1":38},"fnMap":{"1":{"name":null,"line":8,"loc":{"start":{"line":8,"column":4},"end":{"line":8,"column":68}}}},"statementMap":{"1":{"start":{"line":9,"column":8},"end":{"line":9,"column":48}},"2":{"start":{"line":10,"column":8},"end":{"line":10,"column":36}}},"branchMap":{}},"contracts/Ownable.sol":{"l":{"20":58,"27":97,"28":95,"36":2,"37":1,"38":1},"path":"/home/nico/Desktop/public_repos/payroll/contracts/Ownable.sol","s":{"1":58,"2":97,"3":2,"4":1,"5":1},"b":{"1":[95,2],"2":[1,1]},"f":{"1":58,"2":97,"3":2},"fnMap":{"1":{"name":null,"line":19,"loc":{"start":{"line":19,"column":4},"end":{"line":19,"column":22}}},"2":{"name":"onlyOwner","line":26,"loc":{"start":{"line":26,"column":4},"end":{"line":26,"column":22}}},"3":{"name":"transferOwnership","line":35,"loc":{"start":{"line":35,"column":4},"end":{"line":35,"column":63}}}},"statementMap":{"1":{"start":{"line":20,"column":8},"end":{"line":20,"column":25}},"2":{"start":{"line":27,"column":8},"end":{"line":27,"column":35}},"3":{"start":{"line":36,"column":8},"end":{"line":36,"column":38}},"4":{"start":{"line":37,"column":8},"end":{"line":37,"column":50}},"5":{"start":{"line":38,"column":8},"end":{"line":38,"column":23}}},"branchMap":{"1":{"line":27,"type":"if","locations":[{"start":{"line":27,"column":8},"end":{"line":27,"column":8}},{"start":{"line":27,"column":8},"end":{"line":27,"column":8}}]},"2":{"line":36,"type":"if","locations":[{"start":{"line":36,"column":8},"end":{"line":36,"column":8}},{"start":{"line":36,"column":8},"end":{"line":36,"column":8}}]}}},"contracts/Payroll.sol":{"l":{"34":59,"35":58,"39":14,"40":14,"44":6,"45":4,"49":4,"50":4,"51":3,"59":1,"60":1,"71":18,"72":18,"85":13,"86":12,"97":2,"98":2,"99":2,"110":1,"111":1,"122":1,"123":1,"124":1,"136":3,"149":1,"161":3,"174":3,"187":2,"199":1,"200":1,"201":1,"202":1,"214":3,"215":3,"226":1,"235":1,"236":1,"237":1,"247":3,"248":3,"250":3,"251":3,"252":3,"253":3,"267":18,"277":18},"path":"/home/nico/Desktop/public_repos/payroll/contracts/Payroll.sol","s":{"1":59,"2":14,"3":6,"4":4,"5":4,"6":1,"7":1,"8":18,"9":18,"10":12,"11":2,"12":2,"13":1,"14":1,"15":1,"16":3,"17":1,"18":3,"19":3,"20":2,"21":1,"22":1,"23":1,"24":1,"25":3,"26":3,"27":1,"28":1,"29":1,"30":3,"31":3,"32":3,"33":18,"34":18},"b":{"1":[58,1],"2":[14,0],"3":[4,2],"4":[3,1],"5":[1,0]},"f":{"1":59,"2":14,"3":6,"4":4,"5":1,"6":18,"7":13,"8":2,"9":1,"10":1,"11":3,"12":1,"13":3,"14":3,"15":2,"16":1,"17":3,"18":1,"19":1,"20":3,"21":18,"22":18},"fnMap":{"1":{"name":"validAddress","line":33,"loc":{"start":{"line":33,"column":4},"end":{"line":33,"column":41}}},"2":{"name":"higherThanZero","line":38,"loc":{"start":{"line":38,"column":4},"end":{"line":38,"column":40}}},"3":{"name":"employeePayPeriodExists","line":43,"loc":{"start":{"line":43,"column":4},"end":{"line":43,"column":54}}},"4":{"name":"enoughTokensLeft","line":48,"loc":{"start":{"line":48,"column":4},"end":{"line":48,"column":29}}},"5":{"name":null,"line":55,"loc":{"start":{"line":55,"column":4},"end":{"line":58,"column":5}}},"6":{"name":null,"line":68,"loc":{"start":{"line":68,"column":4},"end":{"line":70,"column":5}}},"7":{"name":"addEmployee","line":79,"loc":{"start":{"line":79,"column":4},"end":{"line":84,"column":5}}},"8":{"name":"setEmployeeAddress","line":92,"loc":{"start":{"line":92,"column":4},"end":{"line":96,"column":5}}},"9":{"name":"setEmployeePayday","line":105,"loc":{"start":{"line":105,"column":4},"end":{"line":109,"column":5}}},"10":{"name":"setEmployeeSalary","line":117,"loc":{"start":{"line":117,"column":4},"end":{"line":121,"column":5}}},"11":{"name":"getEmployeeCount","line":130,"loc":{"start":{"line":130,"column":4},"end":{"line":135,"column":5}}},"12":{"name":"getEmployeeID","line":142,"loc":{"start":{"line":142,"column":4},"end":{"line":148,"column":5}}},"13":{"name":"getEmployeeAddress","line":155,"loc":{"start":{"line":155,"column":4},"end":{"line":160,"column":5}}},"14":{"name":"getEmployeePayday","line":167,"loc":{"start":{"line":167,"column":4},"end":{"line":173,"column":5}}},"15":{"name":"getEmployeeSalary","line":180,"loc":{"start":{"line":180,"column":4},"end":{"line":186,"column":5}}},"16":{"name":"getEmployee","line":193,"loc":{"start":{"line":193,"column":4},"end":{"line":198,"column":5}}},"17":{"name":"getEmployeeBalance","line":208,"loc":{"start":{"line":208,"column":4},"end":{"line":213,"column":5}}},"18":{"name":"getTotalSupply","line":220,"loc":{"start":{"line":220,"column":4},"end":{"line":225,"column":5}}},"19":{"name":"removeEmployee","line":231,"loc":{"start":{"line":231,"column":4},"end":{"line":234,"column":5}}},"20":{"name":"getPay","line":242,"loc":{"start":{"line":242,"column":4},"end":{"line":246,"column":5}}},"21":{"name":"setEmployeeStorage","line":262,"loc":{"start":{"line":262,"column":4},"end":{"line":266,"column":5}}},"22":{"name":"setEmployeeToken","line":272,"loc":{"start":{"line":272,"column":4},"end":{"line":276,"column":5}}}},"statementMap":{"1":{"start":{"line":34,"column":8},"end":{"line":34,"column":32}},"2":{"start":{"line":39,"column":8},"end":{"line":39,"column":25}},"3":{"start":{"line":44,"column":8},"end":{"line":44,"column":73}},"4":{"start":{"line":49,"column":8},"end":{"line":49,"column":74}},"5":{"start":{"line":50,"column":8},"end":{"line":50,"column":73}},"6":{"start":{"line":59,"column":8},"end":{"line":59,"column":1681}},"7":{"start":{"line":60,"column":12},"end":{"line":60,"column":47}},"8":{"start":{"line":71,"column":8},"end":{"line":71,"column":48}},"9":{"start":{"line":72,"column":8},"end":{"line":72,"column":44}},"10":{"start":{"line":86,"column":8},"end":{"line":86,"column":34}},"11":{"start":{"line":97,"column":8},"end":{"line":97,"column":64}},"12":{"start":{"line":99,"column":8},"end":{"line":99,"column":51}},"13":{"start":{"line":111,"column":8},"end":{"line":111,"column":50}},"14":{"start":{"line":122,"column":8},"end":{"line":122,"column":64}},"15":{"start":{"line":124,"column":8},"end":{"line":124,"column":66}},"16":{"start":{"line":136,"column":8},"end":{"line":136,"column":41}},"17":{"start":{"line":149,"column":8},"end":{"line":149,"column":46}},"18":{"start":{"line":161,"column":8},"end":{"line":161,"column":46}},"19":{"start":{"line":174,"column":8},"end":{"line":174,"column":56}},"20":{"start":{"line":187,"column":8},"end":{"line":187,"column":57}},"21":{"start":{"line":199,"column":8},"end":{"line":199,"column":49}},"22":{"start":{"line":200,"column":8},"end":{"line":200,"column":81}},"23":{"start":{"line":201,"column":8},"end":{"line":201,"column":82}},"24":{"start":{"line":202,"column":8},"end":{"line":202,"column":49}},"25":{"start":{"line":214,"column":8},"end":{"line":214,"column":64}},"26":{"start":{"line":215,"column":8},"end":{"line":215,"column":55}},"27":{"start":{"line":226,"column":8},"end":{"line":226,"column":42}},"28":{"start":{"line":235,"column":8},"end":{"line":235,"column":64}},"29":{"start":{"line":237,"column":8},"end":{"line":237,"column":50}},"30":{"start":{"line":247,"column":8},"end":{"line":247,"column":76}},"31":{"start":{"line":250,"column":8},"end":{"line":250,"column":70}},"32":{"start":{"line":253,"column":8},"end":{"line":253,"column":51}},"33":{"start":{"line":267,"column":8},"end":{"line":267,"column":70}},"34":{"start":{"line":277,"column":8},"end":{"line":277,"column":55}}},"branchMap":{"1":{"line":34,"type":"if","locations":[{"start":{"line":34,"column":8},"end":{"line":34,"column":8}},{"start":{"line":34,"column":8},"end":{"line":34,"column":8}}]},"2":{"line":39,"type":"if","locations":[{"start":{"line":39,"column":8},"end":{"line":39,"column":8}},{"start":{"line":39,"column":8},"end":{"line":39,"column":8}}]},"3":{"line":44,"type":"if","locations":[{"start":{"line":44,"column":8},"end":{"line":44,"column":8}},{"start":{"line":44,"column":8},"end":{"line":44,"column":8}}]},"4":{"line":50,"type":"if","locations":[{"start":{"line":50,"column":8},"end":{"line":50,"column":8}},{"start":{"line":50,"column":8},"end":{"line":50,"column":8}}]},"5":{"line":59,"type":"if","locations":[{"start":{"line":59,"column":8},"end":{"line":59,"column":8}},{"start":{"line":59,"column":8},"end":{"line":59,"column":8}}]}}},"contracts/SafeMath.sol":{"l":{"14":3,"15":1,"17":2,"18":2,"19":1,"29":2,"36":17,"37":16,"44":20,"45":20,"46":19},"path":"/home/nico/Desktop/public_repos/payroll/contracts/SafeMath.sol","s":{"1":3,"2":1,"3":2,"4":2,"5":1,"6":2,"7":17,"8":16,"9":20,"10":20,"11":19},"b":{"1":[1,2],"2":[1,1],"3":[16,1],"4":[19,1]},"f":{"1":3,"2":2,"3":17,"4":20},"fnMap":{"1":{"name":"mul","line":13,"loc":{"start":{"line":13,"column":4},"end":{"line":13,"column":70}}},"2":{"name":"div","line":25,"loc":{"start":{"line":25,"column":4},"end":{"line":25,"column":68}}},"3":{"name":"sub","line":35,"loc":{"start":{"line":35,"column":4},"end":{"line":35,"column":68}}},"4":{"name":"add","line":43,"loc":{"start":{"line":43,"column":4},"end":{"line":43,"column":70}}}},"statementMap":{"1":{"start":{"line":14,"column":8},"end":{"line":14,"column":299}},"2":{"start":{"line":15,"column":12},"end":{"line":15,"column":20}},"3":{"start":{"line":17,"column":8},"end":{"line":17,"column":16}},"4":{"start":{"line":18,"column":8},"end":{"line":18,"column":25}},"5":{"start":{"line":19,"column":8},"end":{"line":19,"column":16}},"6":{"start":{"line":29,"column":8},"end":{"line":29,"column":20}},"7":{"start":{"line":36,"column":8},"end":{"line":36,"column":21}},"8":{"start":{"line":37,"column":8},"end":{"line":37,"column":20}},"9":{"start":{"line":44,"column":8},"end":{"line":44,"column":16}},"10":{"start":{"line":45,"column":8},"end":{"line":45,"column":21}},"11":{"start":{"line":46,"column":8},"end":{"line":46,"column":16}}},"branchMap":{"1":{"line":14,"type":"if","locations":[{"start":{"line":14,"column":8},"end":{"line":14,"column":8}},{"start":{"line":14,"column":8},"end":{"line":14,"column":8}}]},"2":{"line":18,"type":"if","locations":[{"start":{"line":18,"column":8},"end":{"line":18,"column":8}},{"start":{"line":18,"column":8},"end":{"line":18,"column":8}}]},"3":{"line":36,"type":"if","locations":[{"start":{"line":36,"column":8},"end":{"line":36,"column":8}},{"start":{"line":36,"column":8},"end":{"line":36,"column":8}}]},"4":{"line":45,"type":"if","locations":[{"start":{"line":45,"column":8},"end":{"line":45,"column":8}},{"start":{"line":45,"column":8},"end":{"line":45,"column":8}}]}}},"contracts/StandardToken.sol":{"l":{"26":7,"27":6,"28":4,"30":3,"31":3,"32":3,"33":3,"34":3,"48":21,"49":21,"50":21,"60":16,"74":8,"75":8,"76":8,"90":8,"91":8,"92":6,"94":2,"96":8,"97":8},"path":"/home/nico/Desktop/public_repos/payroll/contracts/StandardToken.sol","s":{"1":7,"2":6,"3":4,"4":3,"5":3,"6":3,"7":3,"8":3,"9":21,"10":21,"11":21,"12":16,"13":8,"14":8,"15":8,"16":8,"17":8,"18":6,"19":2,"20":8,"21":8},"b":{"1":[6,1],"2":[4,2],"3":[3,1],"4":[6,2]},"f":{"1":7,"2":21,"3":16,"4":8,"5":8},"fnMap":{"1":{"name":"transferFrom","line":25,"loc":{"start":{"line":25,"column":4},"end":{"line":25,"column":89}}},"2":{"name":"approve","line":47,"loc":{"start":{"line":47,"column":4},"end":{"line":47,"column":74}}},"3":{"name":"allowance","line":59,"loc":{"start":{"line":59,"column":4},"end":{"line":59,"column":84}}},"4":{"name":"increaseApproval","line":73,"loc":{"start":{"line":73,"column":4},"end":{"line":73,"column":85}}},"5":{"name":"decreaseApproval","line":89,"loc":{"start":{"line":89,"column":4},"end":{"line":89,"column":90}}}},"statementMap":{"1":{"start":{"line":26,"column":8},"end":{"line":26,"column":33}},"2":{"start":{"line":27,"column":8},"end":{"line":27,"column":41}},"3":{"start":{"line":28,"column":8},"end":{"line":28,"column":52}},"4":{"start":{"line":30,"column":8},"end":{"line":30,"column":52}},"5":{"start":{"line":31,"column":8},"end":{"line":31,"column":48}},"6":{"start":{"line":32,"column":8},"end":{"line":32,"column":74}},"7":{"start":{"line":33,"column":8},"end":{"line":33,"column":41}},"8":{"start":{"line":34,"column":8},"end":{"line":34,"column":19}},"9":{"start":{"line":48,"column":8},"end":{"line":48,"column":45}},"10":{"start":{"line":49,"column":8},"end":{"line":49,"column":51}},"11":{"start":{"line":50,"column":8},"end":{"line":50,"column":19}},"12":{"start":{"line":60,"column":8},"end":{"line":60,"column":40}},"13":{"start":{"line":74,"column":8},"end":{"line":74,"column":85}},"14":{"start":{"line":75,"column":8},"end":{"line":75,"column":74}},"15":{"start":{"line":76,"column":8},"end":{"line":76,"column":19}},"16":{"start":{"line":90,"column":8},"end":{"line":90,"column":52}},"17":{"start":{"line":91,"column":8},"end":{"line":91,"column":3944}},"18":{"start":{"line":92,"column":12},"end":{"line":92,"column":44}},"19":{"start":{"line":94,"column":12},"end":{"line":94,"column":73}},"20":{"start":{"line":96,"column":8},"end":{"line":96,"column":74}},"21":{"start":{"line":97,"column":8},"end":{"line":97,"column":19}}},"branchMap":{"1":{"line":26,"type":"if","locations":[{"start":{"line":26,"column":8},"end":{"line":26,"column":8}},{"start":{"line":26,"column":8},"end":{"line":26,"column":8}}]},"2":{"line":27,"type":"if","locations":[{"start":{"line":27,"column":8},"end":{"line":27,"column":8}},{"start":{"line":27,"column":8},"end":{"line":27,"column":8}}]},"3":{"line":28,"type":"if","locations":[{"start":{"line":28,"column":8},"end":{"line":28,"column":8}},{"start":{"line":28,"column":8},"end":{"line":28,"column":8}}]},"4":{"line":91,"type":"if","locations":[{"start":{"line":91,"column":8},"end":{"line":91,"column":8}},{"start":{"line":91,"column":8},"end":{"line":91,"column":8}}]}}}}