{"contracts/EmployeeStorage.sol":{"l":{"36":32,"37":31,"41":13,"42":12,"46":15,"47":14,"62":12,"63":12,"64":12,"65":12,"66":12,"68":12,"69":12,"70":12,"82":2,"83":2,"84":2,"85":2,"96":4,"107":1,"108":1,"118":3,"130":1,"142":12,"154":12,"166":10,"177":1,"178":1,"179":1,"180":1,"181":1,"182":1,"183":1,"185":1,"197":78,"198":78},"path":"/home/nico/Desktop/public_repos/payroll/contracts/EmployeeStorage.sol","s":{"1":32,"2":13,"3":15,"4":12,"5":12,"6":12,"7":12,"8":12,"9":12,"10":2,"11":2,"12":2,"13":4,"14":1,"15":1,"16":3,"17":1,"18":12,"19":12,"20":10,"21":1,"22":78,"23":78},"b":{"1":[31,1],"2":[12,1],"3":[14,1]},"f":{"1":32,"2":13,"3":15,"4":12,"5":2,"6":4,"7":1,"8":3,"9":1,"10":12,"11":12,"12":10,"13":1,"14":78},"fnMap":{"1":{"name":"existingEmployeeAddress","line":35,"loc":{"start":{"line":35,"column":4},"end":{"line":35,"column":52}}},"2":{"name":"existingEmployeeId","line":40,"loc":{"start":{"line":40,"column":4},"end":{"line":40,"column":42}}},"3":{"name":"notExistingEmployeeAddress","line":45,"loc":{"start":{"line":45,"column":4},"end":{"line":45,"column":55}}},"4":{"name":"add","line":57,"loc":{"start":{"line":57,"column":4},"end":{"line":61,"column":5}}},"5":{"name":"setAddress","line":76,"loc":{"start":{"line":76,"column":4},"end":{"line":81,"column":5}}},"6":{"name":"setlatestPayday","line":91,"loc":{"start":{"line":91,"column":4},"end":{"line":95,"column":5}}},"7":{"name":"setMonthlySalary","line":102,"loc":{"start":{"line":102,"column":4},"end":{"line":106,"column":5}}},"8":{"name":"getCount","line":113,"loc":{"start":{"line":113,"column":4},"end":{"line":117,"column":5}}},"9":{"name":"getId","line":124,"loc":{"start":{"line":124,"column":4},"end":{"line":129,"column":5}}},"10":{"name":"getAddress","line":136,"loc":{"start":{"line":136,"column":4},"end":{"line":141,"column":5}}},"11":{"name":"getLatestPayday","line":148,"loc":{"start":{"line":148,"column":4},"end":{"line":153,"column":5}}},"12":{"name":"getMonthlySalary","line":160,"loc":{"start":{"line":160,"column":4},"end":{"line":165,"column":5}}},"13":{"name":"remove","line":172,"loc":{"start":{"line":172,"column":4},"end":{"line":176,"column":5}}},"14":{"name":"getEmployee","line":192,"loc":{"start":{"line":192,"column":5},"end":{"line":196,"column":5}}}},"statementMap":{"1":{"start":{"line":36,"column":8},"end":{"line":36,"column":44}},"2":{"start":{"line":41,"column":8},"end":{"line":41,"column":41}},"3":{"start":{"line":46,"column":8},"end":{"line":46,"column":45}},"4":{"start":{"line":62,"column":8},"end":{"line":62,"column":50}},"5":{"start":{"line":63,"column":8},"end":{"line":63,"column":56}},"6":{"start":{"line":64,"column":8},"end":{"line":64,"column":62}},"7":{"start":{"line":65,"column":8},"end":{"line":65,"column":62}},"8":{"start":{"line":66,"column":8},"end":{"line":66,"column":67}},"9":{"start":{"line":68,"column":8},"end":{"line":68,"column":52}},"10":{"start":{"line":82,"column":8},"end":{"line":82,"column":56}},"11":{"start":{"line":84,"column":8},"end":{"line":84,"column":44}},"12":{"start":{"line":85,"column":8},"end":{"line":85,"column":52}},"13":{"start":{"line":96,"column":8},"end":{"line":96,"column":49}},"14":{"start":{"line":107,"column":8},"end":{"line":107,"column":56}},"15":{"start":{"line":108,"column":8},"end":{"line":108,"column":39}},"16":{"start":{"line":118,"column":8},"end":{"line":118,"column":28}},"17":{"start":{"line":130,"column":8},"end":{"line":130,"column":39}},"18":{"start":{"line":142,"column":8},"end":{"line":142,"column":48}},"19":{"start":{"line":154,"column":8},"end":{"line":154,"column":49}},"20":{"start":{"line":166,"column":8},"end":{"line":166,"column":50}},"21":{"start":{"line":177,"column":8},"end":{"line":177,"column":56}},"22":{"start":{"line":197,"column":9},"end":{"line":197,"column":57}},"23":{"start":{"line":198,"column":9},"end":{"line":198,"column":41}}},"branchMap":{"1":{"line":36,"type":"if","locations":[{"start":{"line":36,"column":8},"end":{"line":36,"column":8}},{"start":{"line":36,"column":8},"end":{"line":36,"column":8}}]},"2":{"line":41,"type":"if","locations":[{"start":{"line":41,"column":8},"end":{"line":41,"column":8}},{"start":{"line":41,"column":8},"end":{"line":41,"column":8}}]},"3":{"line":46,"type":"if","locations":[{"start":{"line":46,"column":8},"end":{"line":46,"column":8}},{"start":{"line":46,"column":8},"end":{"line":46,"column":8}}]}}},"contracts/EmployeeToken.sol":{"l":{"26":18,"27":18,"28":18},"path":"/home/nico/Desktop/public_repos/payroll/contracts/EmployeeToken.sol","s":{"1":18,"2":18,"3":18},"b":{},"f":{"1":18},"fnMap":{"1":{"name":"EmployeeToken","line":25,"loc":{"start":{"line":25,"column":2},"end":{"line":25,"column":33}}}},"statementMap":{"1":{"start":{"line":26,"column":4},"end":{"line":26,"column":32}},"2":{"start":{"line":27,"column":4},"end":{"line":27,"column":40}},"3":{"start":{"line":28,"column":4},"end":{"line":28,"column":44}}},"branchMap":{}},"contracts/InterfaceEmployeeStorage.sol":{"l":{},"path":"/home/nico/Desktop/public_repos/payroll/contracts/InterfaceEmployeeStorage.sol","s":{},"b":{},"f":{},"fnMap":{},"statementMap":{},"branchMap":{}},"contracts/InterfacePayroll.sol":{"l":{},"path":"/home/nico/Desktop/public_repos/payroll/contracts/InterfacePayroll.sol","s":{},"b":{},"f":{},"fnMap":{},"statementMap":{},"branchMap":{}},"contracts/Payroll.sol":{"l":{"34":59,"35":58,"39":14,"40":14,"44":6,"45":4,"49":4,"50":4,"51":3,"59":1,"71":18,"72":18,"85":13,"97":2,"98":2,"110":1,"122":1,"123":1,"136":3,"149":1,"161":3,"174":3,"187":2,"199":1,"200":1,"201":1,"202":1,"214":3,"215":3,"226":1,"235":1,"236":1,"247":3,"248":3,"250":3,"251":3,"252":3,"267":18,"277":18},"path":"/home/nico/Desktop/public_repos/payroll/contracts/Payroll.sol","s":{"1":59,"2":14,"3":6,"4":4,"5":4,"6":1,"7":1,"8":18,"9":18,"10":12,"11":2,"12":2,"13":1,"14":1,"15":1,"16":3,"17":1,"18":3,"19":3,"20":2,"21":1,"22":1,"23":1,"24":1,"25":3,"26":3,"27":1,"28":1,"29":1,"30":3,"31":3,"32":3,"33":18,"34":18},"b":{"1":[58,1],"2":[14,0],"3":[4,2],"4":[3,1],"5":[1,0]},"f":{"1":59,"2":14,"3":6,"4":4,"5":1,"6":18,"7":13,"8":2,"9":1,"10":1,"11":3,"12":1,"13":3,"14":3,"15":2,"16":1,"17":3,"18":1,"19":1,"20":3,"21":18,"22":18},"fnMap":{"1":{"name":"validAddress","line":33,"loc":{"start":{"line":33,"column":4},"end":{"line":33,"column":41}}},"2":{"name":"higherThanZero","line":38,"loc":{"start":{"line":38,"column":4},"end":{"line":38,"column":40}}},"3":{"name":"employeePayPeriodExists","line":43,"loc":{"start":{"line":43,"column":4},"end":{"line":43,"column":54}}},"4":{"name":"enoughTokensLeft","line":48,"loc":{"start":{"line":48,"column":4},"end":{"line":48,"column":29}}},"5":{"name":null,"line":55,"loc":{"start":{"line":55,"column":4},"end":{"line":58,"column":5}}},"6":{"name":"Payroll","line":68,"loc":{"start":{"line":68,"column":4},"end":{"line":70,"column":5}}},"7":{"name":"addEmployee","line":79,"loc":{"start":{"line":79,"column":4},"end":{"line":84,"column":5}}},"8":{"name":"setEmployeeAddress","line":92,"loc":{"start":{"line":92,"column":4},"end":{"line":96,"column":5}}},"9":{"name":"setEmployeePayday","line":105,"loc":{"start":{"line":105,"column":4},"end":{"line":109,"column":5}}},"10":{"name":"setEmployeeSalary","line":117,"loc":{"start":{"line":117,"column":4},"end":{"line":121,"column":5}}},"11":{"name":"getEmployeeCount","line":130,"loc":{"start":{"line":130,"column":4},"end":{"line":135,"column":5}}},"12":{"name":"getEmployeeID","line":142,"loc":{"start":{"line":142,"column":4},"end":{"line":148,"column":5}}},"13":{"name":"getEmployeeAddress","line":155,"loc":{"start":{"line":155,"column":4},"end":{"line":160,"column":5}}},"14":{"name":"getEmployeePayday","line":167,"loc":{"start":{"line":167,"column":4},"end":{"line":173,"column":5}}},"15":{"name":"getEmployeeSalary","line":180,"loc":{"start":{"line":180,"column":4},"end":{"line":186,"column":5}}},"16":{"name":"getEmployee","line":193,"loc":{"start":{"line":193,"column":4},"end":{"line":198,"column":5}}},"17":{"name":"getEmployeeBalance","line":208,"loc":{"start":{"line":208,"column":4},"end":{"line":213,"column":5}}},"18":{"name":"getTotalSupply","line":220,"loc":{"start":{"line":220,"column":4},"end":{"line":225,"column":5}}},"19":{"name":"removeEmployee","line":231,"loc":{"start":{"line":231,"column":4},"end":{"line":234,"column":5}}},"20":{"name":"getPay","line":242,"loc":{"start":{"line":242,"column":4},"end":{"line":246,"column":5}}},"21":{"name":"setEmployeeStorage","line":262,"loc":{"start":{"line":262,"column":5},"end":{"line":266,"column":6}}},"22":{"name":"setEmployeeToken","line":272,"loc":{"start":{"line":272,"column":5},"end":{"line":276,"column":6}}}},"statementMap":{"1":{"start":{"line":34,"column":8},"end":{"line":34,"column":32}},"2":{"start":{"line":39,"column":8},"end":{"line":39,"column":25}},"3":{"start":{"line":44,"column":8},"end":{"line":44,"column":73}},"4":{"start":{"line":49,"column":8},"end":{"line":49,"column":74}},"5":{"start":{"line":50,"column":8},"end":{"line":50,"column":73}},"6":{"start":{"line":59,"column":8},"end":{"line":59,"column":1681}},"7":{"start":{"line":60,"column":17},"end":{"line":60,"column":46}},"8":{"start":{"line":71,"column":8},"end":{"line":71,"column":48}},"9":{"start":{"line":72,"column":8},"end":{"line":72,"column":44}},"10":{"start":{"line":86,"column":13},"end":{"line":86,"column":33}},"11":{"start":{"line":97,"column":8},"end":{"line":97,"column":64}},"12":{"start":{"line":99,"column":13},"end":{"line":99,"column":50}},"13":{"start":{"line":111,"column":13},"end":{"line":111,"column":49}},"14":{"start":{"line":122,"column":8},"end":{"line":122,"column":64}},"15":{"start":{"line":124,"column":13},"end":{"line":124,"column":65}},"16":{"start":{"line":136,"column":8},"end":{"line":136,"column":41}},"17":{"start":{"line":149,"column":8},"end":{"line":149,"column":46}},"18":{"start":{"line":161,"column":8},"end":{"line":161,"column":46}},"19":{"start":{"line":174,"column":8},"end":{"line":174,"column":56}},"20":{"start":{"line":187,"column":8},"end":{"line":187,"column":57}},"21":{"start":{"line":199,"column":8},"end":{"line":199,"column":49}},"22":{"start":{"line":200,"column":8},"end":{"line":200,"column":81}},"23":{"start":{"line":201,"column":8},"end":{"line":201,"column":82}},"24":{"start":{"line":202,"column":8},"end":{"line":202,"column":49}},"25":{"start":{"line":214,"column":8},"end":{"line":214,"column":64}},"26":{"start":{"line":215,"column":8},"end":{"line":215,"column":55}},"27":{"start":{"line":226,"column":8},"end":{"line":226,"column":42}},"28":{"start":{"line":235,"column":8},"end":{"line":235,"column":64}},"29":{"start":{"line":237,"column":13},"end":{"line":237,"column":49}},"30":{"start":{"line":247,"column":8},"end":{"line":247,"column":76}},"31":{"start":{"line":250,"column":8},"end":{"line":250,"column":70}},"32":{"start":{"line":253,"column":13},"end":{"line":253,"column":50}},"33":{"start":{"line":267,"column":9},"end":{"line":267,"column":71}},"34":{"start":{"line":277,"column":9},"end":{"line":277,"column":56}}},"branchMap":{"1":{"line":34,"type":"if","locations":[{"start":{"line":34,"column":8},"end":{"line":34,"column":8}},{"start":{"line":34,"column":8},"end":{"line":34,"column":8}}]},"2":{"line":39,"type":"if","locations":[{"start":{"line":39,"column":8},"end":{"line":39,"column":8}},{"start":{"line":39,"column":8},"end":{"line":39,"column":8}}]},"3":{"line":44,"type":"if","locations":[{"start":{"line":44,"column":8},"end":{"line":44,"column":8}},{"start":{"line":44,"column":8},"end":{"line":44,"column":8}}]},"4":{"line":50,"type":"if","locations":[{"start":{"line":50,"column":8},"end":{"line":50,"column":8}},{"start":{"line":50,"column":8},"end":{"line":50,"column":8}}]},"5":{"line":59,"type":"if","locations":[{"start":{"line":59,"column":8},"end":{"line":59,"column":8}},{"start":{"line":59,"column":8},"end":{"line":59,"column":8}}]}}}}