TN:
SF:/home/nico/Desktop/public_repos/payroll/contracts/EmployeeStorage.sol
FN:35,existingEmployeeAddress
FN:40,existingEmployeeId
FN:45,notExistingEmployeeAddress
FN:57,add
FN:76,setAddress
FN:91,setlatestPayday
FN:102,setMonthlySalary
FN:113,getCount
FN:124,getId
FN:136,getAddress
FN:148,getLatestPayday
FN:160,getMonthlySalary
FN:172,remove
FN:192,getEmployee
FNF:14
FNH:14
FNDA:32,existingEmployeeAddress
FNDA:13,existingEmployeeId
FNDA:15,notExistingEmployeeAddress
FNDA:12,add
FNDA:2,setAddress
FNDA:4,setlatestPayday
FNDA:1,setMonthlySalary
FNDA:3,getCount
FNDA:1,getId
FNDA:12,getAddress
FNDA:12,getLatestPayday
FNDA:10,getMonthlySalary
FNDA:1,remove
FNDA:78,getEmployee
DA:36,32
DA:37,31
DA:41,13
DA:42,12
DA:46,15
DA:47,14
DA:62,12
DA:63,12
DA:64,12
DA:65,12
DA:66,12
DA:68,12
DA:69,12
DA:70,12
DA:82,2
DA:83,2
DA:84,2
DA:85,2
DA:96,4
DA:107,1
DA:108,1
DA:118,3
DA:130,1
DA:142,12
DA:154,12
DA:166,10
DA:177,1
DA:178,1
DA:179,1
DA:180,1
DA:181,1
DA:182,1
DA:183,1
DA:185,1
DA:197,78
DA:198,78
LF:36
LH:36
BRDA:36,1,0,31
BRDA:36,1,1,1
BRDA:41,2,0,12
BRDA:41,2,1,1
BRDA:46,3,0,14
BRDA:46,3,1,1
BRF:6
BRH:6
end_of_record
TN:
SF:/home/nico/Desktop/public_repos/payroll/contracts/EmployeeToken.sol
FN:25,EmployeeToken
FNF:1
FNH:1
FNDA:18,EmployeeToken
DA:26,18
DA:27,18
DA:28,18
LF:3
LH:3
BRF:0
BRH:0
end_of_record
TN:
SF:/home/nico/Desktop/public_repos/payroll/contracts/InterfaceEmployeeStorage.sol
FNF:0
FNH:0
LF:0
LH:0
BRF:0
BRH:0
end_of_record
TN:
SF:/home/nico/Desktop/public_repos/payroll/contracts/InterfacePayroll.sol
FNF:0
FNH:0
LF:0
LH:0
BRF:0
BRH:0
end_of_record
TN:
SF:/home/nico/Desktop/public_repos/payroll/contracts/Payroll.sol
FN:33,validAddress
FN:38,higherThanZero
FN:43,employeePayPeriodExists
FN:48,enoughTokensLeft
FN:55,
FN:68,Payroll
FN:79,addEmployee
FN:92,setEmployeeAddress
FN:105,setEmployeePayday
FN:117,setEmployeeSalary
FN:130,getEmployeeCount
FN:142,getEmployeeID
FN:155,getEmployeeAddress
FN:167,getEmployeePayday
FN:180,getEmployeeSalary
FN:193,getEmployee
FN:208,getEmployeeBalance
FN:220,getTotalSupply
FN:231,removeEmployee
FN:242,getPay
FN:262,setEmployeeStorage
FN:272,setEmployeeToken
FNF:22
FNH:22
FNDA:59,validAddress
FNDA:14,higherThanZero
FNDA:6,employeePayPeriodExists
FNDA:4,enoughTokensLeft
FNDA:1,
FNDA:18,Payroll
FNDA:13,addEmployee
FNDA:2,setEmployeeAddress
FNDA:1,setEmployeePayday
FNDA:1,setEmployeeSalary
FNDA:3,getEmployeeCount
FNDA:1,getEmployeeID
FNDA:3,getEmployeeAddress
FNDA:3,getEmployeePayday
FNDA:2,getEmployeeSalary
FNDA:1,getEmployee
FNDA:3,getEmployeeBalance
FNDA:1,getTotalSupply
FNDA:1,removeEmployee
FNDA:3,getPay
FNDA:18,setEmployeeStorage
FNDA:18,setEmployeeToken
DA:34,59
DA:35,58
DA:39,14
DA:40,14
DA:44,6
DA:45,4
DA:49,4
DA:50,4
DA:51,3
DA:59,1
DA:71,18
DA:72,18
DA:85,13
DA:97,2
DA:98,2
DA:110,1
DA:122,1
DA:123,1
DA:136,3
DA:149,1
DA:161,3
DA:174,3
DA:187,2
DA:199,1
DA:200,1
DA:201,1
DA:202,1
DA:214,3
DA:215,3
DA:226,1
DA:235,1
DA:236,1
DA:247,3
DA:248,3
DA:250,3
DA:251,3
DA:252,3
DA:267,18
DA:277,18
LF:39
LH:39
BRDA:34,1,0,58
BRDA:34,1,1,1
BRDA:39,2,0,14
BRDA:39,2,1,0
BRDA:44,3,0,4
BRDA:44,3,1,2
BRDA:50,4,0,3
BRDA:50,4,1,1
BRDA:59,5,0,1
BRDA:59,5,1,0
BRF:10
BRH:8
end_of_record
