TN:
SF:/home/nico/Desktop/public_repos/payroll/contracts/BasicToken.sol
FN:20,totalSupply
FN:29,transfer
FN:44,balanceOf
FNF:3
FNH:3
FNDA:3,totalSupply
FNDA:11,transfer
FNDA:18,balanceOf
DA:21,3
DA:30,11
DA:31,9
DA:33,7
DA:34,7
DA:35,7
DA:36,7
DA:45,18
LF:8
LH:8
BRDA:30,1,0,9
BRDA:30,1,1,2
BRDA:31,2,0,7
BRDA:31,2,1,2
BRF:4
BRH:4
end_of_record
TN:
SF:/home/nico/Desktop/public_repos/payroll/contracts/EmployeeStorage.sol
FN:35,existingEmployeeAddress
FN:40,existingEmployeeId
FN:45,notExistingEmployeeAddress
FN:57,add
FN:76,setAddress
FN:91,setlatestPayday
FN:102,setMonthlySalary
FN:113,getCount
FN:124,getId
FN:136,getAddress
FN:148,getLatestPayday
FN:160,getMonthlySalary
FN:172,remove
FN:192,getEmployee
FNF:14
FNH:14
FNDA:32,existingEmployeeAddress
FNDA:13,existingEmployeeId
FNDA:15,notExistingEmployeeAddress
FNDA:12,add
FNDA:2,setAddress
FNDA:4,setlatestPayday
FNDA:1,setMonthlySalary
FNDA:3,getCount
FNDA:1,getId
FNDA:12,getAddress
FNDA:12,getLatestPayday
FNDA:10,getMonthlySalary
FNDA:1,remove
FNDA:78,getEmployee
DA:36,32
DA:37,31
DA:41,13
DA:42,12
DA:46,15
DA:47,14
DA:62,12
DA:63,12
DA:64,12
DA:65,12
DA:66,12
DA:68,12
DA:69,12
DA:70,12
DA:82,2
DA:83,2
DA:84,2
DA:85,2
DA:96,4
DA:107,1
DA:108,1
DA:118,3
DA:130,1
DA:142,12
DA:154,12
DA:166,10
DA:177,1
DA:178,1
DA:179,1
DA:180,1
DA:181,1
DA:182,1
DA:183,1
DA:185,1
DA:197,78
DA:198,78
LF:36
LH:36
BRDA:36,1,0,31
BRDA:36,1,1,1
BRDA:41,2,0,12
BRDA:41,2,1,1
BRDA:46,3,0,14
BRDA:46,3,1,1
BRF:6
BRH:6
end_of_record
TN:
SF:/home/nico/Desktop/public_repos/payroll/contracts/EmployeeToken.sol
FN:25,
FNF:1
FNH:1
FNDA:18,
DA:26,18
DA:27,18
DA:28,18
LF:3
LH:3
BRF:0
BRH:0
end_of_record
TN:
SF:/home/nico/Desktop/public_repos/payroll/contracts/ERC20.sol
FNF:0
FNH:0
LF:0
LH:0
BRF:0
BRH:0
end_of_record
TN:
SF:/home/nico/Desktop/public_repos/payroll/contracts/ERC20Basic.sol
FNF:0
FNH:0
LF:0
LH:0
BRF:0
BRH:0
end_of_record
TN:
SF:/home/nico/Desktop/public_repos/payroll/contracts/InterfaceEmployeeStorage.sol
FNF:0
FNH:0
LF:0
LH:0
BRF:0
BRH:0
end_of_record
TN:
SF:/home/nico/Desktop/public_repos/payroll/contracts/InterfacePayroll.sol
FNF:0
FNH:0
LF:0
LH:0
BRF:0
BRH:0
end_of_record
TN:
SF:/home/nico/Desktop/public_repos/payroll/contracts/mocks/BasicTokenMock.sol
FN:8,
FNF:1
FNH:1
FNDA:7,
DA:9,7
DA:10,7
LF:2
LH:2
BRF:0
BRH:0
end_of_record
TN:
SF:/home/nico/Desktop/public_repos/payroll/contracts/mocks/SafeMathMock.sol
FN:7,mul
FN:11,div
FN:15,sub
FN:19,add
FNF:4
FNH:4
FNDA:3,mul
FNDA:2,div
FNDA:2,sub
FNDA:2,add
DA:8,3
DA:12,2
DA:16,2
DA:20,2
LF:4
LH:4
BRF:0
BRH:0
end_of_record
TN:
SF:/home/nico/Desktop/public_repos/payroll/contracts/mocks/StandardTokenMock.sol
FN:8,
FNF:1
FNH:1
FNDA:38,
DA:9,38
DA:10,38
LF:2
LH:2
BRF:0
BRH:0
end_of_record
TN:
SF:/home/nico/Desktop/public_repos/payroll/contracts/Ownable.sol
FN:19,
FN:26,onlyOwner
FN:35,transferOwnership
FNF:3
FNH:3
FNDA:58,
FNDA:97,onlyOwner
FNDA:2,transferOwnership
DA:20,58
DA:27,97
DA:28,95
DA:36,2
DA:37,1
DA:38,1
LF:6
LH:6
BRDA:27,1,0,95
BRDA:27,1,1,2
BRDA:36,2,0,1
BRDA:36,2,1,1
BRF:4
BRH:4
end_of_record
TN:
SF:/home/nico/Desktop/public_repos/payroll/contracts/Payroll.sol
FN:33,validAddress
FN:38,higherThanZero
FN:43,employeePayPeriodExists
FN:48,enoughTokensLeft
FN:55,
FN:68,
FN:79,addEmployee
FN:92,setEmployeeAddress
FN:105,setEmployeePayday
FN:117,setEmployeeSalary
FN:130,getEmployeeCount
FN:142,getEmployeeID
FN:155,getEmployeeAddress
FN:167,getEmployeePayday
FN:180,getEmployeeSalary
FN:193,getEmployee
FN:208,getEmployeeBalance
FN:220,getTotalSupply
FN:231,removeEmployee
FN:242,getPay
FN:262,setEmployeeStorage
FN:272,setEmployeeToken
FNF:22
FNH:22
FNDA:59,validAddress
FNDA:14,higherThanZero
FNDA:6,employeePayPeriodExists
FNDA:4,enoughTokensLeft
FNDA:1,
FNDA:18,
FNDA:13,addEmployee
FNDA:2,setEmployeeAddress
FNDA:1,setEmployeePayday
FNDA:1,setEmployeeSalary
FNDA:3,getEmployeeCount
FNDA:1,getEmployeeID
FNDA:3,getEmployeeAddress
FNDA:3,getEmployeePayday
FNDA:2,getEmployeeSalary
FNDA:1,getEmployee
FNDA:3,getEmployeeBalance
FNDA:1,getTotalSupply
FNDA:1,removeEmployee
FNDA:3,getPay
FNDA:18,setEmployeeStorage
FNDA:18,setEmployeeToken
DA:34,59
DA:35,58
DA:39,14
DA:40,14
DA:44,6
DA:45,4
DA:49,4
DA:50,4
DA:51,3
DA:59,1
DA:60,1
DA:71,18
DA:72,18
DA:85,13
DA:86,12
DA:97,2
DA:98,2
DA:99,2
DA:110,1
DA:111,1
DA:122,1
DA:123,1
DA:124,1
DA:136,3
DA:149,1
DA:161,3
DA:174,3
DA:187,2
DA:199,1
DA:200,1
DA:201,1
DA:202,1
DA:214,3
DA:215,3
DA:226,1
DA:235,1
DA:236,1
DA:237,1
DA:247,3
DA:248,3
DA:250,3
DA:251,3
DA:252,3
DA:253,3
DA:267,18
DA:277,18
LF:46
LH:46
BRDA:34,1,0,58
BRDA:34,1,1,1
BRDA:39,2,0,14
BRDA:39,2,1,0
BRDA:44,3,0,4
BRDA:44,3,1,2
BRDA:50,4,0,3
BRDA:50,4,1,1
BRDA:59,5,0,1
BRDA:59,5,1,0
BRF:10
BRH:8
end_of_record
TN:
SF:/home/nico/Desktop/public_repos/payroll/contracts/SafeMath.sol
FN:13,mul
FN:25,div
FN:35,sub
FN:43,add
FNF:4
FNH:4
FNDA:3,mul
FNDA:2,div
FNDA:17,sub
FNDA:20,add
DA:14,3
DA:15,1
DA:17,2
DA:18,2
DA:19,1
DA:29,2
DA:36,17
DA:37,16
DA:44,20
DA:45,20
DA:46,19
LF:11
LH:11
BRDA:14,1,0,1
BRDA:14,1,1,2
BRDA:18,2,0,1
BRDA:18,2,1,1
BRDA:36,3,0,16
BRDA:36,3,1,1
BRDA:45,4,0,19
BRDA:45,4,1,1
BRF:8
BRH:8
end_of_record
TN:
SF:/home/nico/Desktop/public_repos/payroll/contracts/StandardToken.sol
FN:25,transferFrom
FN:47,approve
FN:59,allowance
FN:73,increaseApproval
FN:89,decreaseApproval
FNF:5
FNH:5
FNDA:7,transferFrom
FNDA:21,approve
FNDA:16,allowance
FNDA:8,increaseApproval
FNDA:8,decreaseApproval
DA:26,7
DA:27,6
DA:28,4
DA:30,3
DA:31,3
DA:32,3
DA:33,3
DA:34,3
DA:48,21
DA:49,21
DA:50,21
DA:60,16
DA:74,8
DA:75,8
DA:76,8
DA:90,8
DA:91,8
DA:92,6
DA:94,2
DA:96,8
DA:97,8
LF:21
LH:21
BRDA:26,1,0,6
BRDA:26,1,1,1
BRDA:27,2,0,4
BRDA:27,2,1,2
BRDA:28,3,0,3
BRDA:28,3,1,1
BRDA:91,4,0,6
BRDA:91,4,1,2
BRF:8
BRH:8
end_of_record
